<?xml version="1.0" encoding="UTF-8"?>
<!-- Generated by org.testng.reporters.JUnitReportReporter -->
<testsuite hostname="LAPTOP-HKP3MAF8" failures="0" tests="2" name="com.hackathon.selenium.tests.RegisterAccountTest" time="11.787" errors="0" timestamp="2021-05-12T17:35:17 IST" skipped="0">
  <testcase classname="com.hackathon.selenium.tests.RegisterAccountTest" name="registerAccount" time="6.521"/>
  <system-out/>
  <testcase classname="com.hackathon.selenium.tests.RegisterAccountTest" name="registerAccountInvalid" time="5.266"/>
  <system-out/>
</testsuite> <!-- com.hackathon.selenium.tests.RegisterAccountTest -->
