<?xml version="1.0" encoding="UTF-8"?>
<!-- Generated by org.testng.reporters.JUnitReportReporter -->
<testsuite hostname="LAPTOP-HKP3MAF8" failures="0" tests="1" name="com.hackathon.selenium.tests.LaunchOpencartTest" time="12.742" errors="0" timestamp="2021-05-08T18:59:12 IST" skipped="0">
  <testcase classname="com.hackathon.selenium.tests.LaunchOpencartTest" name="testCase1" time="12.742"/>
  <system-out/>
</testsuite> <!-- com.hackathon.selenium.tests.LaunchOpencartTest -->
