<?xml version="1.0" encoding="UTF-8"?>
<!-- Generated by org.testng.reporters.JUnitReportReporter -->
<testsuite hostname="LAPTOP-HKP3MAF8" failures="0" tests="1" name="com.hackathon.selenium.tests.VerifyHomePageTitleTest" time="7.897" errors="0" timestamp="2021-05-12T17:35:17 IST" skipped="0">
  <testcase classname="com.hackathon.selenium.tests.VerifyHomePageTitleTest" name="verifyHomePagetitle" time="7.897"/>
  <system-out/>
</testsuite> <!-- com.hackathon.selenium.tests.VerifyHomePageTitleTest -->
